2024-12-24 21:53:52,573 - __main__ - INFO - Creating VM: ubuntu for user: 1
2024-12-24 21:53:52,573 - __main__ - INFO - Starting Firecracker process
2024-12-24 21:53:52,675 - __main__ - INFO - Socket is available, waiting for API
2024-12-24 21:53:54,678 - __main__ - INFO - Preparing custom vm for user 1
2024-12-24 21:54:02,817 - __main__ - INFO - Setting up VM
2024-12-24 21:54:04,347 - __main__ - INFO - VM ubuntu created successfully
2024-12-24 22:39:38,078 - __main__ - INFO - Starting Firecracker process
2024-12-24 22:39:38,180 - __main__ - INFO - Socket is available, waiting for API
2024-12-24 22:39:40,183 - __main__ - INFO - Starting VM ubuntu
2024-12-24 22:47:20,040 - __main__ - INFO - Stopping VM: ubuntu
2024-12-24 22:47:52,197 - __main__ - INFO - VM ubuntu stopped successfully
2024-12-24 22:54:01,333 - __main__ - INFO - Starting Firecracker process
2024-12-24 22:54:01,436 - __main__ - INFO - Socket is available, waiting for API
2024-12-24 22:54:03,439 - __main__ - INFO - Starting VM ubuntu
2024-12-24 23:20:27,844 - __main__ - INFO - Stopping VM: ubuntu
2024-12-24 23:20:59,972 - __main__ - INFO - VM ubuntu stopped successfully
2024-12-24 23:39:16,992 - __main__ - INFO - Starting Firecracker process
2024-12-24 23:39:17,095 - __main__ - INFO - Socket is available, waiting for API
2024-12-24 23:39:19,098 - __main__ - INFO - Starting VM ubuntu
2024-12-26 10:43:56,745 - __main__ - INFO - Stopping VM: ubuntu
2024-12-26 10:44:28,954 - __main__ - INFO - VM ubuntu stopped successfully
2024-12-26 17:27:23,505 - __main__ - INFO - Creating VM: zaz for user: 1
2024-12-26 17:27:23,506 - __main__ - INFO - Starting Firecracker process
2024-12-26 17:27:23,608 - __main__ - INFO - Socket is available, waiting for API
2024-12-26 17:27:25,617 - __main__ - INFO - Preparing custom vm for user 1
2024-12-26 17:27:30,705 - __main__ - INFO - Setting up VM
2024-12-26 17:27:31,649 - __main__ - ERROR - Failed to setting custom vm:   % Total    % Received % Xferd  Average Speed   Time    Time     Time  Current
                                 Dload  Upload   Total   Spent    Left  Speed

  0     0    0     0    0     0      0      0 --:--:-- --:--:-- --:--:--     0
100    69    0     0  100    69      0  22294 --:--:-- --:--:-- --:--:-- 34500
  % Total    % Received % Xferd  Average Speed   Time    Time     Time  Current
                                 Dload  Upload   Total   Spent    Left  Speed

  0     0    0     0    0     0      0      0 --:--:-- --:--:-- --:--:--     0
100   134    0     0  100   134      0  86062 --:--:-- --:--:-- --:--:--  130k
  % Total    % Received % Xferd  Average Speed   Time    Time     Time  Current
                                 Dload  Upload   Total   Spent    Left  Speed

  0     0    0     0    0     0      0      0 --:--:-- --:--:-- --:--:--     0
100   152    0     0  100   152      0  79748 --:--:-- --:--:-- --:--:--  148k
  % Total    % Received % Xferd  Average Speed   Time    Time     Time  Current
                                 Dload  Upload   Total   Spent    Left  Speed

  0     0    0     0    0     0      0      0 --:--:-- --:--:-- --:--:--     0
100   180  100    93  100    87  67002  62680 --:--:-- --:--:-- --:--:--  175k

2024-12-26 17:27:31,649 - __main__ - ERROR - Error creating VM: 500: Failed to setting custom vm
2024-12-26 17:34:29,895 - __main__ - INFO - Creating VM: vm for user: 1
2024-12-26 17:34:29,895 - __main__ - INFO - Starting Firecracker process
2024-12-26 17:34:29,997 - __main__ - INFO - Socket is available, waiting for API
2024-12-26 17:34:32,000 - __main__ - INFO - Preparing custom vm for user 1
2024-12-26 17:34:38,254 - __main__ - INFO - Setting up VM
2024-12-26 17:34:39,416 - __main__ - ERROR - Failed to setting custom vm:   % Total    % Received % Xferd  Average Speed   Time    Time     Time  Current
                                 Dload  Upload   Total   Spent    Left  Speed

  0     0    0     0    0     0      0      0 --:--:-- --:--:-- --:--:--     0
100    69    0     0  100    69      0  29487 --:--:-- --:--:-- --:--:-- 34500
  % Total    % Received % Xferd  Average Speed   Time    Time     Time  Current
                                 Dload  Upload   Total   Spent    Left  Speed

  0     0    0     0    0     0      0      0 --:--:-- --:--:-- --:--:--     0
100   133    0     0  100   133      0  72519 --:--:-- --:--:-- --:--:--  129k
  % Total    % Received % Xferd  Average Speed   Time    Time     Time  Current
                                 Dload  Upload   Total   Spent    Left  Speed

  0     0    0     0    0     0      0      0 --:--:-- --:--:-- --:--:--     0
100   151    0     0  100   151      0  62012 --:--:-- --:--:-- --:--:-- 75500
  % Total    % Received % Xferd  Average Speed   Time    Time     Time  Current
                                 Dload  Upload   Total   Spent    Left  Speed

  0     0    0     0    0     0      0      0 --:--:-- --:--:-- --:--:--     0
100   180  100    93  100    87  53633  50173 --:--:-- --:--:-- --:--:--  175k

2024-12-26 17:34:39,416 - __main__ - ERROR - Error creating VM: 500: Failed to setting custom vm
2024-12-26 17:41:49,583 - __main__ - INFO - Creating VM: ser for user: 1
2024-12-26 17:41:49,583 - __main__ - INFO - Starting Firecracker process
2024-12-26 17:41:49,685 - __main__ - INFO - Socket is available, waiting for API
2024-12-26 17:41:51,688 - __main__ - INFO - Preparing custom vm for user 1
2024-12-26 17:41:57,680 - __main__ - INFO - Setting up VM
2024-12-26 17:41:58,783 - __main__ - ERROR - Failed to setting custom vm: iptables: Bad rule (does a matching rule exist in that chain?).
RTNETLINK answers: File exists
  % Total    % Received % Xferd  Average Speed   Time    Time     Time  Current
                                 Dload  Upload   Total   Spent    Left  Speed

  0     0    0     0    0     0      0      0 --:--:-- --:--:-- --:--:--     0
100    69    0     0  100    69      0  32227 --:--:-- --:--:-- --:--:-- 69000
  % Total    % Received % Xferd  Average Speed   Time    Time     Time  Current
                                 Dload  Upload   Total   Spent    Left  Speed

  0     0    0     0    0     0      0      0 --:--:-- --:--:-- --:--:--     0
100   134    0     0  100   134      0  66107 --:--:-- --:--:-- --:--:--  130k
  % Total    % Received % Xferd  Average Speed   Time    Time     Time  Current
                                 Dload  Upload   Total   Spent    Left  Speed

  0     0    0     0    0     0      0      0 --:--:-- --:--:-- --:--:--     0
100   152    0     0  100   152      0  69438 --:--:-- --:--:-- --:--:-- 76000
  % Total    % Received % Xferd  Average Speed   Time    Time     Time  Current
                                 Dload  Upload   Total   Spent    Left  Speed

  0     0    0     0    0     0      0      0 --:--:-- --:--:-- --:--:--     0
100   180  100    93  100    87  47716  44638 --:--:-- --:--:-- --:--:--  175k

2024-12-26 17:41:58,784 - __main__ - ERROR - Error creating VM: 500: Failed to setting custom vm
2024-12-26 18:00:51,269 - __main__ - INFO - Creating VM: start for user: 1
2024-12-26 18:00:51,269 - __main__ - INFO - Starting Firecracker process
2024-12-26 18:00:51,371 - __main__ - INFO - Socket is available, waiting for API
2024-12-26 18:00:53,374 - __main__ - INFO - Preparing custom vm for user 1
2024-12-26 18:01:00,289 - __main__ - INFO - Setting up VM
2024-12-26 18:01:01,552 - __main__ - INFO - VM start created successfully
2024-12-26 18:01:35,756 - __main__ - INFO - Starting Firecracker process
2024-12-26 18:01:35,858 - __main__ - INFO - Socket is available, waiting for API
2024-12-26 18:01:37,862 - __main__ - INFO - Starting VM start
2024-12-26 19:28:59,628 - __main__ - INFO - Stopping VM: start
2024-12-26 19:29:31,852 - __main__ - INFO - VM start stopped successfully
2024-12-26 22:37:34,570 - __main__ - INFO - Starting Firecracker process
2024-12-26 22:37:34,674 - __main__ - INFO - Socket is available, waiting for API
2024-12-26 22:37:36,677 - __main__ - INFO - Starting VM start
2024-12-26 22:43:39,438 - __main__ - INFO - Stopping VM: start
2024-12-26 22:44:11,656 - __main__ - INFO - VM start stopped successfully
2024-12-26 22:44:26,374 - __main__ - INFO - Deleting VM: start
2024-12-26 22:44:27,174 - __main__ - INFO - VM start deleted successfully
2024-12-26 23:34:43,341 - __main__ - INFO - Creating VM: zz for user: 1
2024-12-26 23:34:43,342 - __main__ - INFO - Starting Firecracker process
2024-12-26 23:34:43,445 - __main__ - INFO - Socket is available, waiting for API
2024-12-26 23:34:45,449 - __main__ - INFO - Preparing custom vm for user 1
2024-12-26 23:34:53,593 - __main__ - INFO - Setting up VM
2024-12-26 23:34:54,780 - __main__ - INFO - VM zz created successfully
2024-12-27 07:56:17,073 - __main__ - INFO - Starting Firecracker process
2024-12-27 07:56:17,177 - __main__ - INFO - Socket is available, waiting for API
2024-12-27 07:56:19,179 - __main__ - INFO - Starting VM zz
2024-12-27 07:58:16,160 - __main__ - INFO - Stopping VM: zz
2024-12-27 07:58:48,342 - __main__ - INFO - VM zz stopped successfully
2024-12-27 07:59:00,287 - __main__ - INFO - Deleting VM: zz
2024-12-27 07:59:01,140 - __main__ - INFO - VM zz deleted successfully
2024-12-27 08:01:25,864 - __main__ - INFO - Creating VM: zaz for user: 1
2024-12-27 08:01:25,865 - __main__ - INFO - Starting Firecracker process
2024-12-27 08:01:25,967 - __main__ - INFO - Socket is available, waiting for API
2024-12-27 08:01:27,970 - __main__ - INFO - Preparing custom vm for user 1
2024-12-27 08:01:33,037 - __main__ - INFO - Setting up VM
2024-12-27 08:01:34,177 - __main__ - INFO - VM zaz created successfully
2024-12-27 08:01:54,501 - __main__ - INFO - Starting Firecracker process
2024-12-27 08:01:54,604 - __main__ - INFO - Socket is available, waiting for API
2024-12-27 08:01:56,606 - __main__ - INFO - Starting VM zaz
2024-12-27 08:40:15,939 - __main__ - INFO - Stopping VM: zaz
2024-12-27 08:40:48,077 - __main__ - INFO - VM zaz stopped successfully
2024-12-27 08:41:43,115 - __main__ - INFO - Creating VM: ubuntu for user: 1
2024-12-27 08:41:43,115 - __main__ - INFO - Starting Firecracker process
2024-12-27 08:41:43,217 - __main__ - INFO - Socket is available, waiting for API
2024-12-27 08:41:45,227 - __main__ - INFO - Preparing custom vm for user 1
2024-12-27 08:41:52,089 - __main__ - INFO - Setting up VM
2024-12-27 08:41:53,449 - __main__ - INFO - VM ubuntu created successfully
2024-12-27 08:42:17,891 - __main__ - INFO - Starting Firecracker process
2024-12-27 08:42:17,994 - __main__ - INFO - Socket is available, waiting for API
2024-12-27 08:42:19,997 - __main__ - INFO - Starting VM ubuntu
2024-12-27 08:57:15,288 - __main__ - INFO - Creating VM: Deploy for user: 1
2024-12-27 08:57:15,290 - __main__ - INFO - Starting Firecracker process
2024-12-27 08:57:15,394 - __main__ - INFO - Socket is available, waiting for API
2024-12-27 08:57:17,404 - __main__ - INFO - Preparing custom vm for user 1
2024-12-27 08:57:25,843 - __main__ - INFO - Setting up VM
2024-12-27 08:57:27,178 - __main__ - INFO - VM Deploy created successfully
2024-12-27 08:58:09,253 - __main__ - INFO - Starting Firecracker process
2024-12-27 08:58:09,356 - __main__ - INFO - Socket is available, waiting for API
2024-12-27 08:58:11,359 - __main__ - INFO - Starting VM Deploy
2024-12-27 11:18:32,038 - __main__ - INFO - Stopping VM: ubuntu
2024-12-27 11:19:04,443 - __main__ - INFO - VM ubuntu stopped successfully
2024-12-27 11:19:31,934 - __main__ - INFO - Stopping VM: Deploy
2024-12-27 11:20:04,306 - __main__ - INFO - VM Deploy stopped successfully
